<?xml version="1.0" encoding="UTF-8"?>
<!-- Generated by org.testng.reporters.JUnitReportReporter -->
<testsuite skipped="0" hostname="EVT02096NB" name="org.springframework.samples.petclinic.ViewVeterinariansSeleniumWebDriverTest" tests="3" failures="0" timestamp="10 Kas 2021 08:34:29 GMT" time="3.970" errors="0">
  <testcase name="ViewVeterinariansFurther" time="3.341" classname="org.springframework.samples.petclinic.ViewVeterinariansSeleniumWebDriverTest"/>
  <testcase name="ViewVeteriansExample" time="0.193" classname="org.springframework.samples.petclinic.ViewVeterinariansSeleniumWebDriverTest"/>
  <testcase name="ViewVeteriansBack" time="0.436" classname="org.springframework.samples.petclinic.ViewVeterinariansSeleniumWebDriverTest"/>
</testsuite> <!-- org.springframework.samples.petclinic.ViewVeterinariansSeleniumWebDriverTest -->
